2022-05-25T22:31:20.697Z [store-api] error POST  - Name, CPF, phone, e-mail and address are mandatory
2022-05-25T22:31:40.874Z [store-api] error POST  - Name, CPF, phone, e-mail and address are mandatory
2022-05-25T22:32:08.620Z [store-api] error POST  - Name, CPF, phone, e-mail and address are mandatory
2022-05-26T02:21:01.811Z [store-api] error POST  - Name, CPF, phone, e-mail and address are mandatory
2022-05-26T02:22:50.949Z [store-api] error POST  - Name, CPF, phone, e-mail and address are mandatory
2022-05-26T02:23:38.017Z [store-api] error POST  - Name, CPF, phone, e-mail and address are mandatory
2022-05-26T02:23:39.724Z [store-api] error POST  - Name, CPF, phone, e-mail and address are mandatory
2022-05-26T02:24:02.499Z [store-api] error POST  - conn.sql is not a function
2022-05-26T02:25:23.844Z [store-api] error POST  - INSERT has more expressions than target columns
2022-05-26T02:25:54.421Z [store-api] info POST /client - {"name":"Diego Filastro","cpf":"050457279-23","email":"d.filastro@hotmail.com","address":"Rua Professor Paulo Galli, 137 - Santa Catarina/Brasil"}
2022-05-26T02:30:06.056Z [store-api] info POST /client - {"name":"Diego Filastro","cpf":"050457279-23","email":"d.filastro@hotmail.com","address":"Rua Professor Paulo Galli, 137 - Santa Catarina/Brasil"}
2022-05-26T02:34:05.664Z [store-api] info POST /client - {"name":"Gabriela Negro","cpf":"093445619-40","email":"gabenegro@hotmail.com","address":"Rua Professor Paulo Galli, 137 - Santa Catarina/Brasil"}
2022-05-26T02:34:38.968Z [store-api] error POST  - aa
2022-05-26T02:50:20.590Z [store-api] info GET /client
2022-05-26T03:01:50.939Z [store-api] info GET /client/1
2022-05-26T03:01:54.451Z [store-api] info GET /client/3
2022-05-26T03:35:39.484Z [store-api] info DELETE /client/2
2022-05-26T03:35:55.472Z [store-api] info GET /client
2022-05-26T04:04:07.528Z [store-api] info POST /client - {"client_id":4,"name":"Bella Negro","cpf":"093432329-33","email":"bella@hotmail.com","address":"Rua Professor Paulo Galli, 137 - Santa Catarina/Brasil"}
2022-05-26T04:05:20.993Z [store-api] error PUT  - client_id is not defined
2022-05-26T04:06:15.529Z [store-api] info GET /client/2
2022-05-26T04:06:27.222Z [store-api] error PUT  - client_id is not defined
2022-05-26T04:06:32.307Z [store-api] error PUT  - client_id is not defined
2022-05-26T04:06:55.617Z [store-api] info GET /client/2
2022-05-26T04:06:59.056Z [store-api] info GET /client/1
2022-05-26T04:07:03.388Z [store-api] info GET /client/3
2022-05-26T04:07:07.918Z [store-api] info GET /client/4
2022-05-26T04:07:14.278Z [store-api] info GET /client/5
2022-05-26T04:07:35.262Z [store-api] error PUT  - client_id is not defined
2022-05-26T04:08:38.806Z [store-api] error PUT  - client_id is not defined
2022-05-26T04:09:21.802Z [store-api] error PUT  - client_id is not defined
2022-05-26T04:09:43.760Z [store-api] error PUT  - client_id is not defined
2022-05-26T04:10:45.408Z [store-api] error PUT  - Cannot read properties of undefined (reading '0')
2022-05-26T04:12:08.262Z [store-api] info PUT /client - {"client_id":1,"name":"Benjamin Negro Filastro","cpf":"093432329-33","email":"bella@hotmail.com","address":"Rua Professor Paulo Galli, 137 - Santa Catarina/Brasil"}
2022-05-26T18:56:15.282Z [store-api] info POST /client - {"client_id":5,"name":"Fornecedor 1","cpf":"00123871/0001-22","email":"bella@hotmail.com","address":"Rua Tiririca, 233 - Santa Catarina/Brasil"}
2022-05-26T18:56:30.361Z [store-api] error POST  - Name, CNPJ, phone, e-mail and address are mandatory
2022-05-26T18:56:40.093Z [store-api] error POST  - SupplierRepository.insertSupplier is not a function
2022-05-26T18:58:12.346Z [store-api] info POST /supplier - {"supplier_id":1,"name":"Fornecedor 1","cnpj":"00123871/0001-22","phone":"1245234135","email":"bella@hotmail.com","address":"Rua Tiririca, 233 - Santa Catarina/Brasil"}
2022-05-29T16:55:14.059Z [store-api] error POST  - column "suplier_id" of relation "products" does not exist
2022-05-29T16:56:32.700Z [store-api] info POST /product - {"product_id":1,"supplier_id":1,"name":"Laptop","description":"Mac Book Pro","value":"17000","stock":8}
2022-05-29T16:59:27.477Z [store-api] info PUT /product - {"product_id":1,"supplier_id":1,"name":"Laptop","description":"Mac Book Pro","value":"19000","stock":8}
2022-05-29T16:59:46.133Z [store-api] info GET /product
2022-05-29T16:59:51.618Z [store-api] info GET /product/1
2022-05-29T17:00:11.318Z [store-api] info POST /product - {"product_id":2,"supplier_id":1,"name":"Laptop","description":"Mac Book Pro","value":"17000","stock":8}
2022-05-29T17:00:40.293Z [store-api] info DELETE /product/2
2022-05-29T17:00:46.139Z [store-api] info GET /product
2022-05-29T17:09:07.782Z [store-api] error POST  - There is no supplier with the informed ID
2022-05-29T17:09:31.283Z [store-api] info POST /product - {"product_id":3,"supplier_id":1,"name":"Laptop","description":"Mac Book Pro","value":"17500","stock":11}
2022-05-29T17:11:26.682Z [store-api] error PUT  - There is no supplier with the informed ID
2022-05-29T17:11:31.306Z [store-api] info PUT /product - {"product_id":3,"supplier_id":1,"name":"Laptop","description":"Mac Book Pro","value":"19000","stock":15}
2022-05-29T17:35:11.672Z [store-api] error POST  - date/time field value out of range: "29/05/22"
2022-05-29T17:35:30.096Z [store-api] error POST  - date/time field value out of range: "29/05/2022"
2022-05-29T17:36:09.997Z [store-api] info POST /sale - {"sale_id":1,"value":"33000","date":"2000-01-01T02:00:00.000Z","client_id":1,"product_id":1}
2022-05-29T17:42:28.688Z [store-api] error POST  - The informed Product or Client ID is wrong
2022-05-29T17:42:37.601Z [store-api] error POST  - The informed Product or Client ID is wrong
2022-05-29T18:07:03.740Z [store-api] info POST /product - {"product_id":4,"supplier_id":1,"name":"Laptop","description":"Mac Book Pro","value":"17500","stock":11}
2022-05-29T18:07:09.067Z [store-api] info GET /product
2022-05-29T18:07:55.463Z [store-api] error POST  - The informed Product or Client ID is wrong
2022-05-29T18:08:04.711Z [store-api] error POST  - Cannot access 'sale' before initialization
2022-05-29T18:09:03.650Z [store-api] info POST /sale - {"sale_id":2,"value":"33000","date":"2000-01-01T02:00:00.000Z","client_id":1,"product_id":1}
2022-05-29T18:09:18.694Z [store-api] info POST /product - {"product_id":5,"supplier_id":1,"name":"Laptop","description":"Mac Book Pro","value":"17500","stock":11}
2022-05-29T18:09:31.290Z [store-api] info GET /product
2022-05-29T18:10:44.712Z [store-api] info POST /product - {"product_id":6,"supplier_id":1,"name":"Keyboard","description":"Keyboard Dell Bluetooth","value":"17500","stock":2}
2022-05-29T18:10:58.446Z [store-api] info GET /product
2022-05-29T18:11:05.648Z [store-api] info GET /product/6
2022-05-29T18:11:27.107Z [store-api] info POST /sale - {"sale_id":3,"value":"550","date":"2000-01-01T02:00:00.000Z","client_id":1,"product_id":6}
2022-05-29T18:11:32.838Z [store-api] info GET /product/6
2022-05-29T18:11:39.474Z [store-api] info POST /sale - {"sale_id":4,"value":"550","date":"2000-01-01T02:00:00.000Z","client_id":1,"product_id":6}
2022-05-29T18:11:42.566Z [store-api] info GET /product/6
2022-05-29T18:11:48.513Z [store-api] error POST  - Out of Stock
2022-05-29T18:19:44.172Z [store-api] info GET /sale
2022-05-29T18:20:01.144Z [store-api] error DELETE  - This sale id doesn`t exist
2022-05-29T18:20:16.708Z [store-api] info DELETE /sale/4
2022-05-29T18:20:23.891Z [store-api] info GET /product/6
2022-05-29T18:23:07.849Z [store-api] info GET /product
2022-05-29T18:23:46.419Z [store-api] info PUT /product - {"product_id":1,"supplier_id":1,"name":"Laptop","description":"Mac Book Pro","value":"19000","stock":15}
2022-05-29T18:34:04.746Z [store-api] error GET  - req is not defined
2022-05-29T18:34:39.938Z [store-api] info GET /sale
2022-05-29T18:35:04.545Z [store-api] error GET  - getSalesRepository is not defined
2022-05-29T18:36:08.273Z [store-api] error GET  - column "productid" does not exist
2022-05-29T18:37:01.603Z [store-api] error GET  - column "productid" does not exist
2022-05-29T18:41:04.456Z [store-api] info GET /sale
2022-05-29T18:41:10.527Z [store-api] info GET /sale
2022-06-05T13:46:47.437Z [store-api] info GET /client/2
2022-06-05T13:46:53.788Z [store-api] info GET /client
2022-06-05T13:47:11.124Z [store-api] info GET /client/3
2022-06-05T13:47:16.845Z [store-api] info DELETE /client/3
2022-06-05T13:47:40.325Z [store-api] error PUT  - WHERE parameter "client_id" has invalid "undefined" value
2022-06-05T13:47:54.454Z [store-api] error PUT  - Client ID, Name, CPF, phone, e-mail and address are mandatory
2022-06-05T13:48:38.650Z [store-api] info PUT /client - [1]
2022-06-05T13:49:00.186Z [store-api] info GET /client/1
2022-06-05T13:51:21.629Z [store-api] info PUT /client - {"clientId":1,"name":"Benjamin Negro Filastro","cpf":"093432329-33","email":"bella@hotmail.com","address":"Rua Professor Paulo Galli, 137 - Santa Catarina/Brasil"}
2022-06-05T13:51:36.201Z [store-api] info PUT /client - {"clientId":1,"name":"Benjamin Negro Filastro","cpf":"093432329-33","email":"benjamin@hotmail.com","address":"Rua Professor Paulo Galli, 137 - Santa Catarina/Brasil"}
2022-06-05T13:54:23.635Z [store-api] info GET /supplier
2022-06-05T13:54:49.619Z [store-api] info POST /supplier - {"supplierId":2,"name":"Fornecedor 2","cnpj":"00123871/0001-22","phone":"1245234135","email":"bella@hotmail.com","address":"Rua Tiririca, 233 - Santa Catarina/Brasil"}
2022-06-05T13:54:53.733Z [store-api] info POST /supplier - {"supplierId":3,"name":"Fornecedor 3","cnpj":"00123871/0001-22","phone":"1245234135","email":"bella@hotmail.com","address":"Rua Tiririca, 233 - Santa Catarina/Brasil"}
2022-06-05T13:54:58.610Z [store-api] info POST /supplier - {"supplierId":4,"name":"Fornecedor 4","cnpj":"00123871/0001-22","phone":"1245234135","email":"bella@hotmail.com","address":"Rua Tiririca, 233 - Santa Catarina/Brasil"}
2022-06-05T13:55:03.714Z [store-api] info GET /supplier
2022-06-05T13:55:12.772Z [store-api] info GET /supplier/5
2022-06-05T13:55:20.518Z [store-api] info GET /supplier/3
2022-06-05T13:55:35.487Z [store-api] info DELETE /supplier/2
2022-06-05T13:55:39.312Z [store-api] info GET /supplier
2022-06-05T13:56:17.743Z [store-api] error PUT  - Supplier ID, Name, CNPJ, phone, e-mail and address are mandatory
2022-06-05T13:56:23.212Z [store-api] info GET /supplier
2022-06-05T13:56:31.724Z [store-api] error PUT  - Supplier ID, Name, CNPJ, phone, e-mail and address are mandatory
2022-06-05T13:57:20.083Z [store-api] info PUT /supplier - {"supplierId":3,"name":"Fornecedor 44","cnpj":"00123871/0001-22","phone":"1245234135","email":"bella@hotmail.com","address":"Rua Tiririca, 233 - Santa Catarina/Brasil"}
2022-06-05T13:59:32.821Z [store-api] info GET /product
2022-06-05T13:59:47.903Z [store-api] info GET /product/1
2022-06-05T14:00:01.396Z [store-api] error DELETE  - update or delete on table "products" violates foreign key constraint "fk_products" on table "sales"
2022-06-05T14:15:30.630Z [store-api] error GET  - connect is not a function
2022-06-05T14:15:32.223Z [store-api] error GET  - connect is not a function
2022-06-05T14:16:53.398Z [store-api] error POST  - Date, Value, Client ID and Product ID are mandatory
2022-06-05T14:17:06.569Z [store-api] error POST  - notNull Violation: sales.saleId cannot be null
2022-06-05T14:18:29.017Z [store-api] error POST  - notNull Violation: sales.saleId cannot be null
2022-06-05T14:19:23.368Z [store-api] error POST  - The informed Product or Client ID is wrong
2022-06-05T14:19:50.770Z [store-api] error POST  - The informed Product or Client ID is wrong
2022-06-05T14:20:08.192Z [store-api] error POST  - The informed Product or Client ID is wrong
2022-06-05T14:20:23.045Z [store-api] info GET /product
2022-06-05T14:20:41.083Z [store-api] error POST  - The informed Product or Client ID is wrong
2022-06-05T14:21:17.169Z [store-api] error POST  - The informed Product or Client ID is wrong
2022-06-05T14:21:46.052Z [store-api] error POST  - The informed Product or Client ID is wrong
2022-06-05T14:22:05.497Z [store-api] error POST  - The informed Product or Client ID is wrong
2022-06-05T14:22:33.724Z [store-api] error POST  - The informed Product or Client ID is wrong
2022-06-05T14:28:06.647Z [store-api] info GET /sale
2022-06-05T14:30:03.873Z [store-api] error GET  - Product is not defined
2022-06-05T14:30:07.087Z [store-api] error GET  - Product is not defined
2022-06-05T14:30:23.489Z [store-api] info GET /sale
2022-06-05T14:30:51.293Z [store-api] info GET /sale
2022-06-05T14:34:25.452Z [store-api] info GET /sale
2022-06-05T14:34:47.802Z [store-api] info GET /sale
2022-06-05T14:35:04.041Z [store-api] info GET /sale
2022-06-05T14:35:22.670Z [store-api] info GET /sale
2022-06-05T14:35:35.896Z [store-api] info GET /sale
2022-06-05T14:36:26.926Z [store-api] info GET /sale
2022-06-05T14:38:31.574Z [store-api] info GET /sale
2022-06-05T14:42:23.744Z [store-api] info GET /sale
2022-06-05T14:42:33.031Z [store-api] error DELETE  - This sale id doesn`t exist
2022-06-05T14:42:38.234Z [store-api] info GET /sale
2022-06-05T14:44:25.216Z [store-api] info GET /sale
2022-06-05T14:44:29.836Z [store-api] error DELETE  - This sale id doesn`t exist
2022-06-05T14:44:34.330Z [store-api] info GET /sale
2022-06-05T14:47:59.481Z [store-api] error POST  - The informed Product or Client ID is wrong
2022-06-05T14:48:07.363Z [store-api] info GET /sale
2022-06-05T14:48:15.215Z [store-api] error DELETE  - This sale id doesn`t exist
2022-06-05T14:48:19.007Z [store-api] info GET /sale/1
2022-06-05T14:48:22.619Z [store-api] info GET /sale
2022-06-05T14:48:25.625Z [store-api] info GET /sale
2022-06-05T14:48:49.282Z [store-api] error DELETE  - This sale id doesn`t exist
2022-06-05T14:48:53.386Z [store-api] info GET /sale/1
2022-06-05T14:49:09.220Z [store-api] info GET /sale
2022-06-05T14:49:11.035Z [store-api] info GET /sale
2022-06-05T14:49:26.135Z [store-api] info GET /sale
2022-06-05T14:49:30.229Z [store-api] error DELETE  - This sale id doesn`t exist
2022-06-05T14:49:40.400Z [store-api] info GET /sale
2022-06-05T14:54:58.745Z [store-api] info GET /sale
2022-06-05T14:55:03.329Z [store-api] error DELETE  - This sale id doesn`t exist
2022-06-05T14:56:50.039Z [store-api] info GET /sale
2022-06-05T14:57:38.054Z [store-api] error POST  - The informed Product or Client ID is wrong
2022-06-05T14:57:44.872Z [store-api] error POST  - notNull Violation: sales.saleId cannot be null
2022-06-05T14:57:54.201Z [store-api] error POST  - The informed Product or Client ID is wrong
2022-06-05T14:58:00.875Z [store-api] error POST  - The informed Product or Client ID is wrong
2022-06-05T14:58:04.815Z [store-api] error POST  - The informed Product or Client ID is wrong
2022-06-05T14:58:11.798Z [store-api] error POST  - The informed Product or Client ID is wrong
2022-06-05T15:00:47.486Z [store-api] error POST  - The informed Product or Client ID is wrong
2022-06-05T15:01:09.757Z [store-api] info GET /product
2022-06-05T15:01:17.906Z [store-api] info GET /supplier
2022-06-05T15:01:36.767Z [store-api] info GET /client
2022-06-05T15:01:52.734Z [store-api] error POST  - notNull Violation: sales.saleId cannot be null
2022-06-05T15:02:51.888Z [store-api] error POST  - null value in column "sale_id" of relation "sales" violates not-null constraint
2022-06-05T15:03:45.502Z [store-api] error POST  - notNull Violation: sale.saleId cannot be null
2022-06-05T15:04:35.945Z [store-api] info POST /sale - {"saleId":5,"value":"1000","date":"2000-01-01","clientId":4,"productId":4}
2022-06-05T15:04:45.875Z [store-api] info GET /sale
2022-06-05T15:04:51.569Z [store-api] error DELETE  - This sale id doesn`t exist
2022-06-05T15:04:55.603Z [store-api] info GET /sale
2022-06-05T15:04:58.875Z [store-api] info GET /sale
2022-06-05T15:05:16.559Z [store-api] info GET /sale
2022-06-05T15:05:25.568Z [store-api] info GET /sale/5
2022-06-05T15:05:29.953Z [store-api] info GET /sale
2022-06-05T15:13:03.824Z [store-api] info GET /sale/5
2022-06-05T15:13:10.368Z [store-api] info GET /sale/1
2022-06-05T15:13:15.073Z [store-api] info GET /sale
2022-06-05T15:13:19.838Z [store-api] info DELETE /sale/5
2022-06-05T15:13:26.502Z [store-api] info GET /sale
2022-06-05T15:13:34.238Z [store-api] info POST /sale - {"saleId":6,"value":"1200","date":"2000-01-01","clientId":4,"productId":4}
2022-06-05T15:13:38.220Z [store-api] info POST /sale - {"saleId":7,"value":"1300","date":"2000-01-01","clientId":4,"productId":4}
2022-06-05T15:13:45.017Z [store-api] error POST  - The informed Product or Client ID is wrong
2022-06-05T15:14:04.601Z [store-api] info POST /sale - {"saleId":8,"value":"1300","date":"2000-01-01","clientId":1,"productId":5}
2022-06-05T15:14:09.717Z [store-api] info POST /sale - {"saleId":9,"value":"1400","date":"2000-01-01","clientId":1,"productId":5}
2022-06-05T15:14:13.142Z [store-api] info GET /sale
2022-06-05T15:14:25.651Z [store-api] info GET /sale
2022-06-05T15:14:31.695Z [store-api] info GET /sale
2022-06-05T15:14:49.716Z [store-api] info DELETE /sale/6
2022-06-05T15:14:55.015Z [store-api] info GET /sale
2022-06-05T19:26:00.160Z [store-api] error POST  - ProductService.createProductInfo is not a function
2022-06-05T19:26:39.267Z [store-api] info POST /product/info - {"productId":3,"category":"Computer","width":"23cm","height":"60cm","depth":"18cm","reviews":[],"_id":"629d036f24eccac8cf973e86"}
2022-06-05T19:36:19.600Z [store-api] info PUT /product/info - {"productId":3,"category":"Hand Computer","width":"23cm","height":"60cm","depth":"18cm","reviews":[]}
2022-06-05T19:37:05.206Z [store-api] info PUT /product/info - {"productId":3,"category":"Hand Computer","width":"23cm","height":"60cm","depth":"18cm","reviews":[]}
2022-06-06T08:26:57.175Z [store-api] info GET /product/1
2022-06-06T08:27:58.892Z [store-api] info GET /product/1
2022-06-06T08:31:15.200Z [store-api] info GET /product/3
2022-06-06T08:45:40.398Z [store-api] info GET /product/3
2022-06-06T09:00:11.316Z [store-api] error POST  - client is not defined
2022-06-06T09:15:03.104Z [store-api] info GET /supplier
2022-06-06T09:15:38.735Z [store-api] info GET /product/3
2022-06-06T09:15:43.247Z [store-api] error GET  - Cannot set properties of null (setting 'info')
2022-06-06T09:15:48.109Z [store-api] info GET /product/1
2022-06-06T09:16:00.414Z [store-api] info GET /product
2022-06-06T09:21:42.096Z [store-api] info GET /product
2022-06-06T09:41:30.795Z [store-api] info GET /product/info
2022-06-06T09:42:03.198Z [store-api] info GET /product/info
